Using pre-set license
Built from '2020.3/staging' branch; Version is '2020.3.0f1 (c7b5465681fb) revision 13088070'; Using compiler version '192528614'; Build Type 'Release'
OS: 'Windows 10 Pro; OS build 19043.1348; Version 2009; 64bit' Language: 'en' Physical Memory: 12214 MB
BatchMode: 1, IsHumanControllingUs: 0, StartBugReporterOnCrash: 0, Is64bit: 1, IsPro: 0

 COMMAND LINE ARGUMENTS:
C:\Program Files\Unity\Hub\Editor\2020.3.0f1\Editor\Unity.exe
-adb2
-batchMode
-noUpm
-name
AssetImportWorker0
-projectPath
C:/Users/Nathan/Desktop/Game Development Homework/3d-beginner/3D Beginner
-logFile
Logs/AssetImportWorker0.log
-srvPort
65018
Successfully changed project path to: C:/Users/Nathan/Desktop/Game Development Homework/3d-beginner/3D Beginner
C:/Users/Nathan/Desktop/Game Development Homework/3d-beginner/3D Beginner
Using Asset Import Pipeline V2.
Refreshing native plugins compatible for Editor in 49.09 ms, found 0 plugins.
Preloading 0 native plugins for Editor in 0.00 ms.
Initialize engine version: 2020.3.0f1 (c7b5465681fb)
[Subsystems] Discovering subsystems at path C:/Program Files/Unity/Hub/Editor/2020.3.0f1/Editor/Data/Resources/UnitySubsystems
[Subsystems] Discovering subsystems at path C:/Users/Nathan/Desktop/Game Development Homework/3d-beginner/3D Beginner/Assets
GfxDevice: creating device client; threaded=0
Direct3D:
    Version:  Direct3D 11.0 [level 11.1]
    Renderer: Radeon RX 570 Series (ID=0x67df)
    Vendor:   
    VRAM:     4075 MB
    Driver:   30.0.13025.5005
Initialize mono
Mono path[0] = 'C:/Program Files/Unity/Hub/Editor/2020.3.0f1/Editor/Data/Managed'
Mono path[1] = 'C:/Program Files/Unity/Hub/Editor/2020.3.0f1/Editor/Data/MonoBleedingEdge/lib/mono/unityjit'
Mono config path = 'C:/Program Files/Unity/Hub/Editor/2020.3.0f1/Editor/Data/MonoBleedingEdge/etc'
Using monoOptions --debugger-agent=transport=dt_socket,embedding=1,server=y,suspend=n,address=127.0.0.1:56756
Begin MonoManager ReloadAssembly
Registering precompiled unity dll's ...
Register platform support module: C:/Program Files/Unity/Hub/Editor/2020.3.0f1/Editor/Data/PlaybackEngines/WebGLSupport/UnityEditor.WebGL.Extensions.dll
Register platform support module: C:/Program Files/Unity/Hub/Editor/2020.3.0f1/Editor/Data/PlaybackEngines/WindowsStandaloneSupport/UnityEditor.WindowsStandalone.Extensions.dll
Registered in 0.002432 seconds.
Native extension for WindowsStandalone target not found
Native extension for WebGL target not found
Refreshing native plugins compatible for Editor in 36.03 ms, found 0 plugins.
Preloading 0 native plugins for Editor in 0.00 ms.
Invoked RoslynAnalysisRunner static constructor.
RoslynAnalysisRunner will not be running.
RoslynAnalysisRunner has terminated.
Mono: successfully reloaded assembly
- Completed reload, in  1.094 seconds
Platform modules already initialized, skipping
Registering precompiled user dll's ...
Registered in 0.003289 seconds.
Begin MonoManager ReloadAssembly
Native extension for WindowsStandalone target not found
Native extension for WebGL target not found
Refreshing native plugins compatible for Editor in 0.55 ms, found 0 plugins.
Preloading 0 native plugins for Editor in 0.00 ms.
Invoked RoslynAnalysisRunner static constructor.
RoslynAnalysisRunner will not be running.
RoslynAnalysisRunner has terminated.
Mono: successfully reloaded assembly
- Completed reload, in  0.708 seconds
Platform modules already initialized, skipping
========================================================================
Worker process is ready to serve import requests
Launched and connected shader compiler UnityShaderCompiler.exe after 0.05 seconds
Refreshing native plugins compatible for Editor in 0.52 ms, found 0 plugins.
Preloading 0 native plugins for Editor in 0.00 ms.
Unloading 1626 Unused Serialized files (Serialized files now loaded: 0)
System memory in use before: 149.7 MB.
System memory in use after: 149.7 MB.

Unloading 36 unused Assets to reduce memory usage. Loaded Objects now: 2062.
Total: 1.791900 ms (FindLiveObjects: 0.228700 ms CreateObjectMapping: 0.056500 ms MarkObjects: 1.416300 ms  DeleteObjects: 0.089400 ms)

========================================================================
Received Import Request.
  path: Assets/Scripts/Observer.cs
  artifactKey: Guid(9ca682193a9c8514e9beaa76b10f4ee8) Importer(815301076,1909f56bfc062723c751e8b465ee728b)
Start importing Assets/Scripts/Observer.cs using Guid(9ca682193a9c8514e9beaa76b10f4ee8) Importer(815301076,1909f56bfc062723c751e8b465ee728b)  -> (artifact id: '440d27930d344aacaf23e0c985a252a3') in 0.239432 seconds
  Import took 0.312725 seconds .

========================================================================
Received Prepare
Registering precompiled user dll's ...
Registered in 0.002847 seconds.
Begin MonoManager ReloadAssembly
Native extension for WindowsStandalone target not found
Native extension for WebGL target not found
Refreshing native plugins compatible for Editor in 0.53 ms, found 0 plugins.
Preloading 0 native plugins for Editor in 0.00 ms.
Invoked RoslynAnalysisRunner static constructor.
RoslynAnalysisRunner will not be running.
RoslynAnalysisRunner has terminated.
Mono: successfully reloaded assembly
- Completed reload, in  0.683 seconds
Platform modules already initialized, skipping
Refreshing native plugins compatible for Editor in 0.60 ms, found 0 plugins.
Preloading 0 native plugins for Editor in 0.00 ms.
Unloading 1588 Unused Serialized files (Serialized files now loaded: 0)
System memory in use before: 147.2 MB.
System memory in use after: 147.3 MB.

Unloading 27 unused Assets to reduce memory usage. Loaded Objects now: 2065.
Total: 1.912000 ms (FindLiveObjects: 0.213500 ms CreateObjectMapping: 0.043500 ms MarkObjects: 1.575200 ms  DeleteObjects: 0.078900 ms)

========================================================================
Received Prepare
Registering precompiled user dll's ...
Registered in 0.002775 seconds.
Begin MonoManager ReloadAssembly
Native extension for WindowsStandalone target not found
Native extension for WebGL target not found
Refreshing native plugins compatible for Editor in 0.54 ms, found 0 plugins.
Preloading 0 native plugins for Editor in 0.00 ms.
Invoked RoslynAnalysisRunner static constructor.
RoslynAnalysisRunner will not be running.
RoslynAnalysisRunner has terminated.
Mono: successfully reloaded assembly
- Completed reload, in  0.652 seconds
Platform modules already initialized, skipping
Refreshing native plugins compatible for Editor in 0.68 ms, found 0 plugins.
Preloading 0 native plugins for Editor in 0.00 ms.
Unloading 1587 Unused Serialized files (Serialized files now loaded: 0)
System memory in use before: 147.2 MB.
System memory in use after: 147.3 MB.

Unloading 28 unused Assets to reduce memory usage. Loaded Objects now: 2067.
Total: 2.352100 ms (FindLiveObjects: 0.359500 ms CreateObjectMapping: 0.039200 ms MarkObjects: 1.873100 ms  DeleteObjects: 0.078200 ms)

========================================================================
Received Prepare
Registering precompiled user dll's ...
Registered in 0.002700 seconds.
Begin MonoManager ReloadAssembly
Native extension for WindowsStandalone target not found
Native extension for WebGL target not found
Refreshing native plugins compatible for Editor in 0.55 ms, found 0 plugins.
Preloading 0 native plugins for Editor in 0.00 ms.
Invoked RoslynAnalysisRunner static constructor.
RoslynAnalysisRunner will not be running.
RoslynAnalysisRunner has terminated.
Mono: successfully reloaded assembly
- Completed reload, in  0.653 seconds
Platform modules already initialized, skipping
Refreshing native plugins compatible for Editor in 0.60 ms, found 0 plugins.
Preloading 0 native plugins for Editor in 0.00 ms.
Unloading 1588 Unused Serialized files (Serialized files now loaded: 0)
System memory in use before: 147.2 MB.
System memory in use after: 147.3 MB.

Unloading 27 unused Assets to reduce memory usage. Loaded Objects now: 2071.
Total: 1.809300 ms (FindLiveObjects: 0.201400 ms CreateObjectMapping: 0.040700 ms MarkObjects: 1.497600 ms  DeleteObjects: 0.068700 ms)

========================================================================
Received Prepare
Registering precompiled user dll's ...
Registered in 0.002758 seconds.
Begin MonoManager ReloadAssembly
Native extension for WindowsStandalone target not found
Native extension for WebGL target not found
Refreshing native plugins compatible for Editor in 0.54 ms, found 0 plugins.
Preloading 0 native plugins for Editor in 0.00 ms.
Invoked RoslynAnalysisRunner static constructor.
RoslynAnalysisRunner will not be running.
RoslynAnalysisRunner has terminated.
Mono: successfully reloaded assembly
- Completed reload, in  0.667 seconds
Platform modules already initialized, skipping
Refreshing native plugins compatible for Editor in 0.55 ms, found 0 plugins.
Preloading 0 native plugins for Editor in 0.00 ms.
Unloading 1588 Unused Serialized files (Serialized files now loaded: 0)
System memory in use before: 147.3 MB.
System memory in use after: 147.4 MB.

Unloading 27 unused Assets to reduce memory usage. Loaded Objects now: 2074.
Total: 1.813900 ms (FindLiveObjects: 0.191000 ms CreateObjectMapping: 0.040300 ms MarkObjects: 1.480500 ms  DeleteObjects: 0.101200 ms)

========================================================================
Received Import Request.
  Time since last request: 1328.874569 seconds.
  path: Assets/Scripts/GameEnding.cs
  artifactKey: Guid(4f4b9fa9bee8d01419c6261f6c3761b3) Importer(815301076,1909f56bfc062723c751e8b465ee728b)
Start importing Assets/Scripts/GameEnding.cs using Guid(4f4b9fa9bee8d01419c6261f6c3761b3) Importer(815301076,1909f56bfc062723c751e8b465ee728b)  -> (artifact id: 'cbad0b93724a20121e453cf3d73ce760') in 0.008063 seconds
  Import took 0.026632 seconds .

========================================================================
Received Import Request.
  Time since last request: 269.317663 seconds.
  path: Assets/Scripts/GameEnding.cs
  artifactKey: Guid(4f4b9fa9bee8d01419c6261f6c3761b3) Importer(815301076,1909f56bfc062723c751e8b465ee728b)
Start importing Assets/Scripts/GameEnding.cs using Guid(4f4b9fa9bee8d01419c6261f6c3761b3) Importer(815301076,1909f56bfc062723c751e8b465ee728b)  -> (artifact id: '6dca82326894b9f63adb84fe30828893') in 0.003146 seconds
  Import took 0.017140 seconds .

========================================================================
Received Import Request.
  Time since last request: 0.001172 seconds.
  path: Assets/Scripts/GameEnding.cs
  artifactKey: Guid(4f4b9fa9bee8d01419c6261f6c3761b3) Importer(815301076,1909f56bfc062723c751e8b465ee728b)
Start importing Assets/Scripts/GameEnding.cs using Guid(4f4b9fa9bee8d01419c6261f6c3761b3) Importer(815301076,1909f56bfc062723c751e8b465ee728b)  -> (artifact id: '6dca82326894b9f63adb84fe30828893') in 0.003036 seconds
  Import took 0.005081 seconds .

========================================================================
Received Import Request.
  Time since last request: 16.317975 seconds.
  path: Assets/Scripts/GameEnding.cs
  artifactKey: Guid(4f4b9fa9bee8d01419c6261f6c3761b3) Importer(815301076,1909f56bfc062723c751e8b465ee728b)
Start importing Assets/Scripts/GameEnding.cs using Guid(4f4b9fa9bee8d01419c6261f6c3761b3) Importer(815301076,1909f56bfc062723c751e8b465ee728b)  -> (artifact id: '411a905133d422448baff4602ce35cc2') in 0.003658 seconds
  Import took 0.016187 seconds .

========================================================================
Received Import Request.
  Time since last request: 0.001932 seconds.
  path: Assets/Scripts/GameEnding.cs
  artifactKey: Guid(4f4b9fa9bee8d01419c6261f6c3761b3) Importer(815301076,1909f56bfc062723c751e8b465ee728b)
Start importing Assets/Scripts/GameEnding.cs using Guid(4f4b9fa9bee8d01419c6261f6c3761b3) Importer(815301076,1909f56bfc062723c751e8b465ee728b)  -> (artifact id: '411a905133d422448baff4602ce35cc2') in 0.003349 seconds
  Import took 0.006251 seconds .

========================================================================
Received Import Request.
  Time since last request: 14.549297 seconds.
  path: Assets/Scripts/GameEnding.cs
  artifactKey: Guid(4f4b9fa9bee8d01419c6261f6c3761b3) Importer(815301076,1909f56bfc062723c751e8b465ee728b)
Start importing Assets/Scripts/GameEnding.cs using Guid(4f4b9fa9bee8d01419c6261f6c3761b3) Importer(815301076,1909f56bfc062723c751e8b465ee728b)  -> (artifact id: '7a2fccc8ce493dbf980b7372ba7c6c83') in 0.003720 seconds
  Import took 0.065281 seconds .

========================================================================
Received Import Request.
  Time since last request: 18.375630 seconds.
  path: Assets/Scripts/Observer.cs
  artifactKey: Guid(9ca682193a9c8514e9beaa76b10f4ee8) Importer(815301076,1909f56bfc062723c751e8b465ee728b)
Start importing Assets/Scripts/Observer.cs using Guid(9ca682193a9c8514e9beaa76b10f4ee8) Importer(815301076,1909f56bfc062723c751e8b465ee728b)  -> (artifact id: '03263ac54ab50721cad83fcdddf1613b') in 0.003333 seconds
  Import took 0.025920 seconds .

========================================================================
Received Prepare
Registering precompiled user dll's ...
Registered in 0.002830 seconds.
Begin MonoManager ReloadAssembly
Native extension for WindowsStandalone target not found
Native extension for WebGL target not found
Refreshing native plugins compatible for Editor in 0.54 ms, found 0 plugins.
Preloading 0 native plugins for Editor in 0.00 ms.
Invoked RoslynAnalysisRunner static constructor.
RoslynAnalysisRunner will not be running.
RoslynAnalysisRunner has terminated.
Mono: successfully reloaded assembly
- Completed reload, in  0.640 seconds
Platform modules already initialized, skipping
Refreshing native plugins compatible for Editor in 0.59 ms, found 0 plugins.
Preloading 0 native plugins for Editor in 0.00 ms.
Unloading 1588 Unused Serialized files (Serialized files now loaded: 0)
System memory in use before: 147.3 MB.
System memory in use after: 147.4 MB.

Unloading 27 unused Assets to reduce memory usage. Loaded Objects now: 2077.
Total: 1.977900 ms (FindLiveObjects: 0.226100 ms CreateObjectMapping: 0.040600 ms MarkObjects: 1.629300 ms  DeleteObjects: 0.080500 ms)

========================================================================
Received Import Request.
  Time since last request: 220.450562 seconds.
  path: Assets/Scripts/GameEnding.cs
  artifactKey: Guid(4f4b9fa9bee8d01419c6261f6c3761b3) Importer(815301076,1909f56bfc062723c751e8b465ee728b)
Start importing Assets/Scripts/GameEnding.cs using Guid(4f4b9fa9bee8d01419c6261f6c3761b3) Importer(815301076,1909f56bfc062723c751e8b465ee728b)  -> (artifact id: 'd9f56b8b8b845d16e7dcdcbcd709d90b') in 0.004764 seconds
  Import took 0.045969 seconds .

========================================================================
Received Prepare
Registering precompiled user dll's ...
Registered in 0.002786 seconds.
Begin MonoManager ReloadAssembly
Native extension for WindowsStandalone target not found
Native extension for WebGL target not found
Refreshing native plugins compatible for Editor in 0.55 ms, found 0 plugins.
Preloading 0 native plugins for Editor in 0.00 ms.
Invoked RoslynAnalysisRunner static constructor.
RoslynAnalysisRunner will not be running.
RoslynAnalysisRunner has terminated.
Mono: successfully reloaded assembly
- Completed reload, in  0.652 seconds
Platform modules already initialized, skipping
Refreshing native plugins compatible for Editor in 0.62 ms, found 0 plugins.
Preloading 0 native plugins for Editor in 0.00 ms.
Unloading 1588 Unused Serialized files (Serialized files now loaded: 0)
System memory in use before: 147.2 MB.
System memory in use after: 147.3 MB.

Unloading 27 unused Assets to reduce memory usage. Loaded Objects now: 2080.
Total: 1.756100 ms (FindLiveObjects: 0.185700 ms CreateObjectMapping: 0.036400 ms MarkObjects: 1.469100 ms  DeleteObjects: 0.063200 ms)

========================================================================
Received Import Request.
  Time since last request: 54.888015 seconds.
  path: Assets/Scripts/Observer.cs
  artifactKey: Guid(9ca682193a9c8514e9beaa76b10f4ee8) Importer(815301076,1909f56bfc062723c751e8b465ee728b)
Start importing Assets/Scripts/Observer.cs using Guid(9ca682193a9c8514e9beaa76b10f4ee8) Importer(815301076,1909f56bfc062723c751e8b465ee728b)  -> (artifact id: 'e185a4b9a8152423c738d591871b7821') in 0.005062 seconds
  Import took 0.028166 seconds .

========================================================================
Received Prepare
Registering precompiled user dll's ...
Registered in 0.002928 seconds.
Begin MonoManager ReloadAssembly
Native extension for WindowsStandalone target not found
Native extension for WebGL target not found
Refreshing native plugins compatible for Editor in 0.53 ms, found 0 plugins.
Preloading 0 native plugins for Editor in 0.00 ms.
Invoked RoslynAnalysisRunner static constructor.
RoslynAnalysisRunner will not be running.
RoslynAnalysisRunner has terminated.
Mono: successfully reloaded assembly
- Completed reload, in  0.641 seconds
Platform modules already initialized, skipping
Refreshing native plugins compatible for Editor in 0.59 ms, found 0 plugins.
Preloading 0 native plugins for Editor in 0.00 ms.
Unloading 1588 Unused Serialized files (Serialized files now loaded: 0)
System memory in use before: 147.3 MB.
System memory in use after: 147.4 MB.

Unloading 27 unused Assets to reduce memory usage. Loaded Objects now: 2083.
Total: 1.810500 ms (FindLiveObjects: 0.206700 ms CreateObjectMapping: 0.039200 ms MarkObjects: 1.473000 ms  DeleteObjects: 0.090600 ms)

