Using pre-set license
Built from '2020.3/staging' branch; Version is '2020.3.0f1 (c7b5465681fb) revision 13088070'; Using compiler version '192528614'; Build Type 'Release'
OS: 'Windows 10 Pro; OS build 19043.1348; Version 2009; 64bit' Language: 'en' Physical Memory: 12214 MB
BatchMode: 1, IsHumanControllingUs: 0, StartBugReporterOnCrash: 0, Is64bit: 1, IsPro: 0

 COMMAND LINE ARGUMENTS:
C:\Program Files\Unity\Hub\Editor\2020.3.0f1\Editor\Unity.exe
-adb2
-batchMode
-noUpm
-name
AssetImportWorker0
-projectPath
C:/Users/Nathan/Desktop/Game Development Homework/3d-beginner/3D Beginner
-logFile
Logs/AssetImportWorker0.log
-srvPort
62596
Successfully changed project path to: C:/Users/Nathan/Desktop/Game Development Homework/3d-beginner/3D Beginner
C:/Users/Nathan/Desktop/Game Development Homework/3d-beginner/3D Beginner
Using Asset Import Pipeline V2.
Refreshing native plugins compatible for Editor in 56.84 ms, found 0 plugins.
Preloading 0 native plugins for Editor in 0.00 ms.
Initialize engine version: 2020.3.0f1 (c7b5465681fb)
[Subsystems] Discovering subsystems at path C:/Program Files/Unity/Hub/Editor/2020.3.0f1/Editor/Data/Resources/UnitySubsystems
[Subsystems] Discovering subsystems at path C:/Users/Nathan/Desktop/Game Development Homework/3d-beginner/3D Beginner/Assets
GfxDevice: creating device client; threaded=0
Direct3D:
    Version:  Direct3D 11.0 [level 11.1]
    Renderer: Radeon RX 570 Series (ID=0x67df)
    Vendor:   
    VRAM:     4075 MB
    Driver:   30.0.13025.5005
Initialize mono
Mono path[0] = 'C:/Program Files/Unity/Hub/Editor/2020.3.0f1/Editor/Data/Managed'
Mono path[1] = 'C:/Program Files/Unity/Hub/Editor/2020.3.0f1/Editor/Data/MonoBleedingEdge/lib/mono/unityjit'
Mono config path = 'C:/Program Files/Unity/Hub/Editor/2020.3.0f1/Editor/Data/MonoBleedingEdge/etc'
Using monoOptions --debugger-agent=transport=dt_socket,embedding=1,server=y,suspend=n,address=127.0.0.1:56956
Begin MonoManager ReloadAssembly
Registering precompiled unity dll's ...
Register platform support module: C:/Program Files/Unity/Hub/Editor/2020.3.0f1/Editor/Data/PlaybackEngines/WebGLSupport/UnityEditor.WebGL.Extensions.dll
Register platform support module: C:/Program Files/Unity/Hub/Editor/2020.3.0f1/Editor/Data/PlaybackEngines/WindowsStandaloneSupport/UnityEditor.WindowsStandalone.Extensions.dll
Registered in 0.002208 seconds.
Native extension for WindowsStandalone target not found
Native extension for WebGL target not found
Refreshing native plugins compatible for Editor in 35.42 ms, found 0 plugins.
Preloading 0 native plugins for Editor in 0.00 ms.
Invoked RoslynAnalysisRunner static constructor.
RoslynAnalysisRunner will not be running.
RoslynAnalysisRunner has terminated.
Mono: successfully reloaded assembly
- Completed reload, in  1.071 seconds
Platform modules already initialized, skipping
Registering precompiled user dll's ...
Registered in 0.002882 seconds.
Begin MonoManager ReloadAssembly
Native extension for WindowsStandalone target not found
Native extension for WebGL target not found
Refreshing native plugins compatible for Editor in 0.53 ms, found 0 plugins.
Preloading 0 native plugins for Editor in 0.00 ms.
Invoked RoslynAnalysisRunner static constructor.
RoslynAnalysisRunner will not be running.
RoslynAnalysisRunner has terminated.
Mono: successfully reloaded assembly
- Completed reload, in  1.413 seconds
Platform modules already initialized, skipping
========================================================================
Worker process is ready to serve import requests
Launched and connected shader compiler UnityShaderCompiler.exe after 0.03 seconds
Refreshing native plugins compatible for Editor in 0.50 ms, found 0 plugins.
Preloading 0 native plugins for Editor in 0.00 ms.
Unloading 1624 Unused Serialized files (Serialized files now loaded: 0)
System memory in use before: 149.6 MB.
System memory in use after: 149.6 MB.

Unloading 36 unused Assets to reduce memory usage. Loaded Objects now: 2060.
Total: 1.817100 ms (FindLiveObjects: 0.255700 ms CreateObjectMapping: 0.052900 ms MarkObjects: 1.421700 ms  DeleteObjects: 0.085700 ms)

========================================================================
Received Import Request.
  path: Assets/Textures/VFX/DustMote.png
  artifactKey: Guid(394e93ce356b57344903a08ff72fcab2) Importer(815301076,1909f56bfc062723c751e8b465ee728b)
Start importing Assets/Textures/VFX/DustMote.png using Guid(394e93ce356b57344903a08ff72fcab2) Importer(815301076,1909f56bfc062723c751e8b465ee728b)  -> (artifact id: '3342797fab54e04be9a5a5fa306d28cb') in 0.689036 seconds
  Import took 0.714392 seconds .

========================================================================
Received Import Request.
  Time since last request: 0.006008 seconds.
  path: Assets/Textures/UI/Won.png
  artifactKey: Guid(623a7345ca6d38f4280b86c32ffe7c15) Importer(815301076,1909f56bfc062723c751e8b465ee728b)
Start importing Assets/Textures/UI/Won.png using Guid(623a7345ca6d38f4280b86c32ffe7c15) Importer(815301076,1909f56bfc062723c751e8b465ee728b)  -> (artifact id: '511a43bdf7aeec3f73babbe0c1dd52e4') in 0.072481 seconds
  Import took 0.075296 seconds .

========================================================================
Received Import Request.
  Time since last request: 0.000232 seconds.
  path: Assets/Textures/UI/Caught.png
  artifactKey: Guid(85d46c7add1129741a0d78fadba6998e) Importer(815301076,1909f56bfc062723c751e8b465ee728b)
Start importing Assets/Textures/UI/Caught.png using Guid(85d46c7add1129741a0d78fadba6998e) Importer(815301076,1909f56bfc062723c751e8b465ee728b)  -> (artifact id: 'c765e0a76361c6645427a8122ffc388b') in 0.104368 seconds
  Import took 0.107407 seconds .

========================================================================
Received Import Request.
  Time since last request: 315.643653 seconds.
  path: Assets/Scripts/GameEnding.cs
  artifactKey: Guid(4f4b9fa9bee8d01419c6261f6c3761b3) Importer(815301076,1909f56bfc062723c751e8b465ee728b)
Start importing Assets/Scripts/GameEnding.cs using Guid(4f4b9fa9bee8d01419c6261f6c3761b3) Importer(815301076,1909f56bfc062723c751e8b465ee728b)  -> (artifact id: '3eec645b2b341c146f9434cf354cec67') in 0.102636 seconds
  Import took 0.105661 seconds .

========================================================================
Received Import Request.
  Time since last request: 0.021164 seconds.
  path: Assets/Scripts/GameEnding.cs
  artifactKey: Guid(4f4b9fa9bee8d01419c6261f6c3761b3) Importer(815301076,1909f56bfc062723c751e8b465ee728b)
Start importing Assets/Scripts/GameEnding.cs using Guid(4f4b9fa9bee8d01419c6261f6c3761b3) Importer(815301076,1909f56bfc062723c751e8b465ee728b)  -> (artifact id: '3eec645b2b341c146f9434cf354cec67') in 0.002549 seconds
  Import took 0.006285 seconds .

========================================================================
Received Prepare
Registering precompiled user dll's ...
Registered in 0.024155 seconds.
Begin MonoManager ReloadAssembly
Native extension for WindowsStandalone target not found
Native extension for WebGL target not found
Refreshing native plugins compatible for Editor in 0.53 ms, found 0 plugins.
Preloading 0 native plugins for Editor in 0.00 ms.
Invoked RoslynAnalysisRunner static constructor.
RoslynAnalysisRunner will not be running.
RoslynAnalysisRunner has terminated.
Mono: successfully reloaded assembly
- Completed reload, in  0.654 seconds
Platform modules already initialized, skipping
Refreshing native plugins compatible for Editor in 0.63 ms, found 0 plugins.
Preloading 0 native plugins for Editor in 0.00 ms.
Unloading 1587 Unused Serialized files (Serialized files now loaded: 0)
System memory in use before: 150.2 MB.
System memory in use after: 150.3 MB.

Unloading 27 unused Assets to reduce memory usage. Loaded Objects now: 2070.
Total: 1.800500 ms (FindLiveObjects: 0.211500 ms CreateObjectMapping: 0.044500 ms MarkObjects: 1.481800 ms  DeleteObjects: 0.061500 ms)

========================================================================
Received Prepare
Registering precompiled user dll's ...
Registered in 0.002773 seconds.
Begin MonoManager ReloadAssembly
Native extension for WindowsStandalone target not found
Native extension for WebGL target not found
Refreshing native plugins compatible for Editor in 0.55 ms, found 0 plugins.
Preloading 0 native plugins for Editor in 0.00 ms.
Invoked RoslynAnalysisRunner static constructor.
RoslynAnalysisRunner will not be running.
RoslynAnalysisRunner has terminated.
Mono: successfully reloaded assembly
- Completed reload, in  0.648 seconds
Platform modules already initialized, skipping
Refreshing native plugins compatible for Editor in 0.58 ms, found 0 plugins.
Preloading 0 native plugins for Editor in 0.00 ms.
Unloading 1587 Unused Serialized files (Serialized files now loaded: 0)
System memory in use before: 150.2 MB.
System memory in use after: 150.3 MB.

Unloading 27 unused Assets to reduce memory usage. Loaded Objects now: 2073.
Total: 2.228000 ms (FindLiveObjects: 0.215200 ms CreateObjectMapping: 0.037700 ms MarkObjects: 1.893100 ms  DeleteObjects: 0.080400 ms)

========================================================================
Received Import Request.
  Time since last request: 923.050607 seconds.
  path: Assets/Scripts/GameEnding.cs
  artifactKey: Guid(4f4b9fa9bee8d01419c6261f6c3761b3) Importer(815301076,1909f56bfc062723c751e8b465ee728b)
Start importing Assets/Scripts/GameEnding.cs using Guid(4f4b9fa9bee8d01419c6261f6c3761b3) Importer(815301076,1909f56bfc062723c751e8b465ee728b)  -> (artifact id: '0b9a91829c7b5e0be1b30b7304985397') in 0.004883 seconds
  Import took 0.027873 seconds .

========================================================================
Received Prepare
Registering precompiled user dll's ...
Registered in 0.002649 seconds.
Begin MonoManager ReloadAssembly
Native extension for WindowsStandalone target not found
Native extension for WebGL target not found
Refreshing native plugins compatible for Editor in 0.55 ms, found 0 plugins.
Preloading 0 native plugins for Editor in 0.00 ms.
Invoked RoslynAnalysisRunner static constructor.
RoslynAnalysisRunner will not be running.
RoslynAnalysisRunner has terminated.
Mono: successfully reloaded assembly
- Completed reload, in  0.648 seconds
Platform modules already initialized, skipping
Refreshing native plugins compatible for Editor in 0.83 ms, found 0 plugins.
Preloading 0 native plugins for Editor in 0.00 ms.
Unloading 1587 Unused Serialized files (Serialized files now loaded: 0)
System memory in use before: 150.2 MB.
System memory in use after: 150.3 MB.

Unloading 27 unused Assets to reduce memory usage. Loaded Objects now: 2076.
Total: 1.843900 ms (FindLiveObjects: 0.220900 ms CreateObjectMapping: 0.039100 ms MarkObjects: 1.493800 ms  DeleteObjects: 0.087600 ms)

========================================================================
Received Import Request.
  Time since last request: 197.888742 seconds.
  path: Assets/Models/Bathroom
  artifactKey: Guid(34b60e13536555a41926270186ef04f1) Importer(815301076,1909f56bfc062723c751e8b465ee728b)
Start importing Assets/Models/Bathroom using Guid(34b60e13536555a41926270186ef04f1) Importer(815301076,1909f56bfc062723c751e8b465ee728b)  -> (artifact id: 'aecd34ecded75c542d5aca74e907f0cc') in 0.008486 seconds
  Import took 0.023019 seconds .

========================================================================
Received Import Request.
  Time since last request: 31.634102 seconds.
  path: Assets/Prefabs/Gargoyle.prefab
  artifactKey: Guid(8a56ca0d98769804abee74704201be85) Importer(815301076,1909f56bfc062723c751e8b465ee728b)
Start importing Assets/Prefabs/Gargoyle.prefab using Guid(8a56ca0d98769804abee74704201be85) Importer(815301076,1909f56bfc062723c751e8b465ee728b)  -> (artifact id: '37cd534b7c83da29937ec756b69a5f70') in 0.384937 seconds
  Import took 0.401954 seconds .

========================================================================
Received Import Request.
  Time since last request: 21.125464 seconds.
  path: Assets/Animation/Animators
  artifactKey: Guid(3e1ff1aa196645e4a912d1c3bb76a860) Importer(815301076,1909f56bfc062723c751e8b465ee728b)
Start importing Assets/Animation/Animators using Guid(3e1ff1aa196645e4a912d1c3bb76a860) Importer(815301076,1909f56bfc062723c751e8b465ee728b)  -> (artifact id: '8470dde40a9c4d073f8f50c5f78d3283') in 0.005880 seconds
  Import took 0.029511 seconds .

========================================================================
Received Import Request.
  Time since last request: 19.593706 seconds.
  path: Assets/Animation/Animators/Gargoyle.controller
  artifactKey: Guid(75cda3a021c6b924b8622758b828c32a) Importer(815301076,1909f56bfc062723c751e8b465ee728b)
Start importing Assets/Animation/Animators/Gargoyle.controller using Guid(75cda3a021c6b924b8622758b828c32a) Importer(815301076,1909f56bfc062723c751e8b465ee728b)  -> (artifact id: '018337655464cd577868df70df6e06ba') in 0.004749 seconds
  Import took 0.007657 seconds .

========================================================================
Received Prepare
Registering precompiled user dll's ...
Registered in 0.003040 seconds.
Begin MonoManager ReloadAssembly
Native extension for WindowsStandalone target not found
Native extension for WebGL target not found
Refreshing native plugins compatible for Editor in 0.57 ms, found 0 plugins.
Preloading 0 native plugins for Editor in 0.00 ms.
Invoked RoslynAnalysisRunner static constructor.
RoslynAnalysisRunner will not be running.
RoslynAnalysisRunner has terminated.
Mono: successfully reloaded assembly
- Completed reload, in  0.720 seconds
Platform modules already initialized, skipping
Refreshing native plugins compatible for Editor in 0.64 ms, found 0 plugins.
Preloading 0 native plugins for Editor in 0.00 ms.
Unloading 1587 Unused Serialized files (Serialized files now loaded: 0)
System memory in use before: 150.4 MB.
System memory in use after: 150.4 MB.

Unloading 27 unused Assets to reduce memory usage. Loaded Objects now: 2083.
Total: 2.118900 ms (FindLiveObjects: 0.251700 ms CreateObjectMapping: 0.039400 ms MarkObjects: 1.749900 ms  DeleteObjects: 0.076600 ms)

========================================================================
Received Prepare
Registering precompiled user dll's ...
Registered in 0.003290 seconds.
Begin MonoManager ReloadAssembly
Native extension for WindowsStandalone target not found
Native extension for WebGL target not found
Refreshing native plugins compatible for Editor in 0.56 ms, found 0 plugins.
Preloading 0 native plugins for Editor in 0.00 ms.
Invoked RoslynAnalysisRunner static constructor.
RoslynAnalysisRunner will not be running.
RoslynAnalysisRunner has terminated.
Mono: successfully reloaded assembly
- Completed reload, in  0.648 seconds
Platform modules already initialized, skipping
Refreshing native plugins compatible for Editor in 0.68 ms, found 0 plugins.
Preloading 0 native plugins for Editor in 0.00 ms.
Unloading 1587 Unused Serialized files (Serialized files now loaded: 0)
System memory in use before: 150.4 MB.
System memory in use after: 150.4 MB.

Unloading 27 unused Assets to reduce memory usage. Loaded Objects now: 2086.
Total: 2.144600 ms (FindLiveObjects: 0.219000 ms CreateObjectMapping: 0.045600 ms MarkObjects: 1.800700 ms  DeleteObjects: 0.078000 ms)

